[2020-06-21 15:35:00][19] Processing: App\Jobs\SendNotifications
[2020-06-21 15:35:01][19] Processed:  App\Jobs\SendNotifications
[2020-06-21 15:35:01][20] Processing: App\Jobs\SendNotifications
[2020-06-21 15:35:01][20] Processed:  App\Jobs\SendNotifications
[2020-06-21 15:35:01][21] Processing: App\Jobs\SendNotifications
[2020-06-21 15:35:01][21] Processed:  App\Jobs\SendNotifications
[2020-06-21 15:35:01][22] Processing: App\Events\NewFollowerEvent
[2020-06-21 15:35:01][22] Processed:  App\Events\NewFollowerEvent
[2020-06-21 15:35:01][23] Processing: App\Mail\newFollower
[2020-06-21 15:35:03][23] Processed:  App\Mail\newFollower
[2020-06-21 15:35:03][24] Processing: App\Events\NewFollowerEvent
[2020-06-21 15:35:03][24] Processed:  App\Events\NewFollowerEvent
[2020-06-21 15:35:03][25] Processing: App\Mail\newFollower
[2020-06-21 15:35:05][25] Processed:  App\Mail\newFollower
[2020-06-21 15:35:05][26] Processing: App\Events\NewFollowerEvent
[2020-06-21 15:35:05][26] Processed:  App\Events\NewFollowerEvent
[2020-06-21 15:35:05][27] Processing: App\Mail\newFollower
[2020-06-21 15:35:07][27] Processed:  App\Mail\newFollower
[2020-06-21 15:41:11][28] Processing: App\Jobs\SendNotifications
[2020-06-21 15:41:11][28] Processed:  App\Jobs\SendNotifications
[2020-06-21 15:41:11][29] Processing: App\Events\NewFollowerEvent
[2020-06-21 15:41:11][29] Processed:  App\Events\NewFollowerEvent
[2020-06-21 15:41:11][30] Processing: App\Mail\newFollower
[2020-06-21 15:41:14][30] Processed:  App\Mail\newFollower
